
Showing logs for build [32mcb-kubecd-bdd-ghfjxy-1568403394-zb7nx-1[0m stage [32mmeta-pipeline[0m and container [32mstep-credential-initializer-w78zb[0m
{"level":"warn","ts":1568404085.6392052,"logger":"fallback-logger","caller":"logging/config.go:69","msg":"Fetch GitHub commit ID from kodata failed: \"ref: refs/heads/master\" is not a valid GitHub commit ID"}
{"level":"info","ts":1568404085.6396935,"logger":"fallback-logger","caller":"creds-init/main.go:40","msg":"Credentials initialized."}

Showing logs for build [32mcb-kubecd-bdd-ghfjxy-1568403394-zb7nx-1[0m stage [32mmeta-pipeline[0m and container [32mstep-working-dir-initializer-vsnv7[0m
{"level":"warn","ts":1568404086.9383614,"logger":"fallback-logger","caller":"logging/config.go:69","msg":"Fetch GitHub commit ID from kodata failed: open /var/run/ko/HEAD: no such file or directory"}
{"level":"info","ts":1568404086.9397435,"logger":"fallback-logger","caller":"bash/main.go:65","msg":"Successfully executed command \"mkdir -p /workspace/source\""}

Showing logs for build [32mcb-kubecd-bdd-ghfjxy-1568403394-zb7nx-1[0m stage [32mmeta-pipeline[0m and container [32mstep-place-tools[0m

Showing logs for build [32mcb-kubecd-bdd-ghfjxy-1568403394-zb7nx-1[0m stage [32mmeta-pipeline[0m and container [32mstep-git-source-meta-cb-kubecd-bdd-ghfjxy-15684-g2jk4[0m
{"level":"warn","ts":1568404092.0937939,"logger":"fallback-logger","caller":"logging/config.go:69","msg":"Fetch GitHub commit ID from kodata failed: \"ref: refs/heads/master\" is not a valid GitHub commit ID"}
{"level":"info","ts":1568404093.164913,"logger":"fallback-logger","caller":"git/git.go:102","msg":"Successfully cloned https://github.com/cb-kubecd/bdd-ghf**y-1568403394.git @ aa176fcae905e59b57dbab62acb7d1aecd946dbc in path /workspace/source"}

Showing logs for build [32mcb-kubecd-bdd-ghfjxy-1568403394-zb7nx-1[0m stage [32mmeta-pipeline[0m and container [32mstep-git-merge[0m
Using SHAs from PULL_REFS=master:aa176fcae905e59b57dbab62acb7d1aecd946dbc,1:651835617223302befe4027db3e483e8057c060c
DEBUG: ran git fetch --unshallow origin 651835617223302befe4027db3e483e8057c060c: aa176fcae905e59b57dbab62acb7d1aecd946dbc: in 
DEBUG: ran git checkout master in 
DEBUG: ran git reset --hard aa176fcae905e59b57dbab62acb7d1aecd946dbc in 
DEBUG: ran clean --force -d . in 
DEBUG: ran git merge 651835617223302befe4027db3e483e8057c060c in 
Merged SHA 651835617223302befe4027db3e483e8057c060c with commit message 'My first PR commit' into base branch master

Showing logs for build [32mcb-kubecd-bdd-ghfjxy-1568403394-zb7nx-1[0m stage [32mmeta-pipeline[0m and container [32mstep-merge-pull-refs[0m
DEBUG: ran git fetch origin 651835617223302befe4027db3e483e8057c060c: aa176fcae905e59b57dbab62acb7d1aecd946dbc: in 
DEBUG: Unshallowed git repo in 
DEBUG: ran git checkout master in 
DEBUG: ran git reset --hard aa176fcae905e59b57dbab62acb7d1aecd946dbc in 
DEBUG: ran clean --force -d . in 
DEBUG: ran git merge 651835617223302befe4027db3e483e8057c060c in 
Merged SHA 651835617223302befe4027db3e483e8057c060c with commit message 'My first PR commit' into base branch master

Showing logs for build [32mcb-kubecd-bdd-ghfjxy-1568403394-zb7nx-1[0m stage [32mmeta-pipeline[0m and container [32mstep-create-effective-pipeline[0m
Deleting and cloning the Jenkins X versions repo
Cloning the Jenkins X versions repo https://github.com/jenkins-x/jenkins-x-versions.git with ref refs/heads/master to /builder/home/.**/jenkins-x-versions
performing pack detection in folder /workspace/source
--> Draft detected YAML (67.752116%)
--> Could not find a pack for YAML. Trying to find the next likely language match...
--> Draft detected RPM Spec (14.854397%)
--> Could not find a pack for RPM Spec. Trying to find the next likely language match...
--> Draft detected Coq (6.799598%)
--> Could not find a pack for Coq. Trying to find the next likely language match...
--> Draft detected Smarty (3.701047%)
--> Could not find a pack for Smarty. Trying to find the next likely language match...
--> Draft detected Go (2.904892%)
selected pack: /builder/home/.**/draft/packs/github.com/jenkins-x-buildpacks/jenkins-x-kubernetes/packs/go
Effective pipeline written to jenkins-x-serverless-jenkins-effective.yml

Showing logs for build [32mcb-kubecd-bdd-ghfjxy-1568403394-zb7nx-1[0m stage [32mmeta-pipeline[0m and container [32mstep-create-tekton-crds[0m
PipelineActivity for cb-kubecd-bdd-ghf**y-1568403394-PR-1-1
Applying changes 
upserted PipelineResource cb-kubecd-bdd-ghf**y-1568403394 for the git repository https://github.com/cb-kubecd/bdd-ghf**y-1568403394.git
upserted Task cb-kubecd-bdd-ghf**y-1568403394-zb7nx-run-make-1
upserted Task cb-kubecd-bdd-ghf**y-1568403394-zb7nx-everything-else-1
upserted Pipeline cb-kubecd-bdd-ghf**y-1568403394-zb7nx-1
created PipelineRun cb-kubecd-bdd-ghf**y-1568403394-zb7nx-1
created PipelineStructure cb-kubecd-bdd-ghf**y-1568403394-zb7nx-1

Showing logs for build [32mcb-kubecd-bdd-ghfjxy-1568403394-zb7nx-1[0m stage [32mrun-make[0m and container [32mstep-credential-initializer-l5jvt[0m
{"level":"warn","ts":1568404125.6774294,"logger":"fallback-logger","caller":"logging/config.go:69","msg":"Fetch GitHub commit ID from kodata failed: \"ref: refs/heads/master\" is not a valid GitHub commit ID"}
{"level":"info","ts":1568404125.678042,"logger":"fallback-logger","caller":"creds-init/main.go:40","msg":"Credentials initialized."}

Showing logs for build [32mcb-kubecd-bdd-ghfjxy-1568403394-zb7nx-1[0m stage [32mrun-make[0m and container [32mstep-working-dir-initializer-2st92[0m
{"level":"warn","ts":1568404126.668608,"logger":"fallback-logger","caller":"logging/config.go:69","msg":"Fetch GitHub commit ID from kodata failed: open /var/run/ko/HEAD: no such file or directory"}
{"level":"info","ts":1568404126.670128,"logger":"fallback-logger","caller":"bash/main.go:65","msg":"Successfully executed command \"mkdir -p /workspace/source\""}

Showing logs for build [32mcb-kubecd-bdd-ghfjxy-1568403394-zb7nx-1[0m stage [32mrun-make[0m and container [32mstep-place-tools[0m

Showing logs for build [32mcb-kubecd-bdd-ghfjxy-1568403394-zb7nx-1[0m stage [32mrun-make[0m and container [32mstep-git-source-cb-kubecd-bdd-ghfjxy-1568403394-2qnvq[0m
{"level":"warn","ts":1568404132.835267,"logger":"fallback-logger","caller":"logging/config.go:69","msg":"Fetch GitHub commit ID from kodata failed: \"ref: refs/heads/master\" is not a valid GitHub commit ID"}
{"level":"info","ts":1568404133.8856452,"logger":"fallback-logger","caller":"git/git.go:102","msg":"Successfully cloned https://github.com/cb-kubecd/bdd-ghf**y-1568403394.git @ master in path /workspace/source"}

Showing logs for build [32mcb-kubecd-bdd-ghfjxy-1568403394-zb7nx-1[0m stage [32mrun-make[0m and container [32mstep-git-merge[0m
Using SHAs from PULL_REFS=master:aa176fcae905e59b57dbab62acb7d1aecd946dbc,1:651835617223302befe4027db3e483e8057c060c
DEBUG: ran git fetch --unshallow origin 651835617223302befe4027db3e483e8057c060c: aa176fcae905e59b57dbab62acb7d1aecd946dbc: in 
DEBUG: ran git checkout master in 
DEBUG: ran git reset --hard aa176fcae905e59b57dbab62acb7d1aecd946dbc in 
DEBUG: ran clean --force -d . in 
DEBUG: ran git merge 651835617223302befe4027db3e483e8057c060c in 
Merged SHA 651835617223302befe4027db3e483e8057c060c with commit message 'My first PR commit' into base branch master

Showing logs for build [32mcb-kubecd-bdd-ghfjxy-1568403394-zb7nx-1[0m stage [32mrun-make[0m and container [32mstep-build-make-linux[0m
CGO_ENABLED=0 GOOS=linux GOARCH=amd64 GO15VENDOREXPERIMENT=1 go build -ldflags '' -o bin/bdd-ghf**y-1568403394 main.go

Showing logs for build [32mcb-kubecd-bdd-ghfjxy-1568403394-zb7nx-1[0m stage [32mrun-make[0m and container [32mstep-source-mkdir-cb-kubecd-bdd-ghfjxy-1568403394-mdngc[0m
{"level":"warn","ts":1568404142.7735841,"logger":"fallback-logger","caller":"logging/config.go:69","msg":"Fetch GitHub commit ID from kodata failed: open /var/run/ko/HEAD: no such file or directory"}
{"level":"info","ts":1568404142.776621,"logger":"fallback-logger","caller":"bash/main.go:65","msg":"Successfully executed command \"mkdir -p /pvc/run-make/workspace\""}

Showing logs for build [32mcb-kubecd-bdd-ghfjxy-1568403394-zb7nx-1[0m stage [32mrun-make[0m and container [32mstep-source-copy-cb-kubecd-bdd-ghfjxy-1568403394-ns4dm[0m
{"level":"warn","ts":1568404143.0591524,"logger":"fallback-logger","caller":"logging/config.go:69","msg":"Fetch GitHub commit ID from kodata failed: open /var/run/ko/HEAD: no such file or directory"}
{"level":"info","ts":1568404143.074302,"logger":"fallback-logger","caller":"bash/main.go:65","msg":"Successfully executed command \"cp -r /workspace/source/. /pvc/run-make/workspace\""}

Showing logs for build [32mcb-kubecd-bdd-ghfjxy-1568403394-zb7nx-1[0m stage [32meverything-else[0m and container [32mstep-credential-initializer-bg4ft[0m
{"level":"warn","ts":1568404151.0163734,"logger":"fallback-logger","caller":"logging/config.go:69","msg":"Fetch GitHub commit ID from kodata failed: \"ref: refs/heads/master\" is not a valid GitHub commit ID"}
{"level":"info","ts":1568404151.0168662,"logger":"fallback-logger","caller":"creds-init/main.go:40","msg":"Credentials initialized."}

Showing logs for build [32mcb-kubecd-bdd-ghfjxy-1568403394-zb7nx-1[0m stage [32meverything-else[0m and container [32mstep-working-dir-initializer-z859z[0m
{"level":"warn","ts":1568404152.0444367,"logger":"fallback-logger","caller":"logging/config.go:69","msg":"Fetch GitHub commit ID from kodata failed: open /var/run/ko/HEAD: no such file or directory"}
{"level":"info","ts":1568404152.0459003,"logger":"fallback-logger","caller":"bash/main.go:65","msg":"Successfully executed command \"mkdir -p /workspace/source /workspace/source/charts/preview\""}

Showing logs for build [32mcb-kubecd-bdd-ghfjxy-1568403394-zb7nx-1[0m stage [32meverything-else[0m and container [32mstep-place-tools[0m

Showing logs for build [32mcb-kubecd-bdd-ghfjxy-1568403394-zb7nx-1[0m stage [32meverything-else[0m and container [32mstep-create-dir-workspace-jzzkx[0m
{"level":"warn","ts":1568404159.1974275,"logger":"fallback-logger","caller":"logging/config.go:69","msg":"Fetch GitHub commit ID from kodata failed: open /var/run/ko/HEAD: no such file or directory"}
{"level":"info","ts":1568404159.1992416,"logger":"fallback-logger","caller":"bash/main.go:65","msg":"Successfully executed command \"mkdir -p /workspace/source\""}

Showing logs for build [32mcb-kubecd-bdd-ghfjxy-1568403394-zb7nx-1[0m stage [32meverything-else[0m and container [32mstep-source-copy-workspace-kl5g4[0m
{"level":"warn","ts":1568404159.487361,"logger":"fallback-logger","caller":"logging/config.go:69","msg":"Fetch GitHub commit ID from kodata failed: open /var/run/ko/HEAD: no such file or directory"}
{"level":"info","ts":1568404159.6945703,"logger":"fallback-logger","caller":"bash/main.go:65","msg":"Successfully executed command \"cp -r /pvc/run-make/workspace/. /workspace/source\""}

Showing logs for build [32mcb-kubecd-bdd-ghfjxy-1568403394-zb7nx-1[0m stage [32meverything-else[0m and container [32mstep-build-container-build[0m
[36mINFO[0m[0000] No base image, nothing to extract            
[36mINFO[0m[0000] cmd: EXPOSE                                  
[36mINFO[0m[0000] Adding exposed port: 8080/tcp                
[36mINFO[0m[0000] Using files from context: [/workspace/source/bin] 
[36mINFO[0m[0000] Skipping unpacking as no commands require it. 
[36mINFO[0m[0000] Taking snapshot of full filesystem...        
[36mINFO[0m[0000] EXPOSE 8080                                  
[36mINFO[0m[0000] cmd: EXPOSE                                  
[36mINFO[0m[0000] Adding exposed port: 8080/tcp                
[36mINFO[0m[0000] No files changed in this command, skipping snapshotting. 
[36mINFO[0m[0000] ENTRYPOINT ["/bdd-ghf**y-1568403394"]        
[36mINFO[0m[0000] No files changed in this command, skipping snapshotting. 
[36mINFO[0m[0000] Using files from context: [/workspace/source/bin] 
[36mINFO[0m[0000] COPY ./bin/ /                                
[36mINFO[0m[0000] Taking snapshot of files...                  
2019/09/13 19:49:24 pushed blob: sha256:20a7db63cb9055c636242b78ddde794e5b2b6962face1b7842b4cb79097a4171
2019/09/13 19:49:24 pushed blob: sha256:2db581bb3c92d1ce4e08513ad3043703713bd4fb6307d5c2d672d0ecbeef0c4a
2019/09/13 19:49:26 gcr.io/jenkins-x-bdd3/bdd-ghf**y-1568403394:0.0.0-SNAPSHOT-PR-1-1: digest: sha256:5e4d7b7737c4db48768de7d5bc4afc973e970023169ddb577b0e4a4c9cf32f0d size: 428

Showing logs for build [32mcb-kubecd-bdd-ghfjxy-1568403394-zb7nx-1[0m stage [32meverything-else[0m and container [32mstep-postbuild-post-build[0m
no CVE provider running in the current ** namespace so skip adding image to be analysed

Showing logs for build [32mcb-kubecd-bdd-ghfjxy-1568403394-zb7nx-1[0m stage [32meverything-else[0m and container [32mstep-promote-make-preview[0m
sed -i -e "s/version:.*/version: 0.0.0-SNAPSHOT-PR-1-1/" Chart.yaml
sed -i -e "s/version:.*/version: 0.0.0-SNAPSHOT-PR-1-1/" ../*/Chart.yaml
sed -i -e "s|repository:.*|repository: gcr.io\/jenkins-x-bdd3\/bdd-ghf**y-1568403394|" values.yaml
sed -i -e "s/tag:.*/tag: 0.0.0-SNAPSHOT-PR-1-1/" values.yaml
echo "  version: 0.0.0-SNAPSHOT-PR-1-1" >> requirements.yaml
** step helm build
WARNING: No $CHART_REPOSITORY defined so using the default value of: http://jenkins-x-chartmuseum:8080
Adding missing Helm repo: storage.googleapis.com https://storage.googleapis.com/chartmuseum.jenkins-x.io
Successfully added Helm repository storage.googleapis.com.
Adding missing Helm repo: jenkins-x-chartmuseum http://jenkins-x-chartmuseum:8080
Successfully added Helm repository jenkins-x-chartmuseum.
WARNING: No $CHART_REPOSITORY defined so using the default value of: http://jenkins-x-chartmuseum:8080
Adding missing Helm repo: chartmuseum.jenkins-x.io http://chartmuseum.jenkins-x.io
Successfully added Helm repository chartmuseum.jenkins-x.io.

Showing logs for build [32mcb-kubecd-bdd-ghfjxy-1568403394-zb7nx-1[0m stage [32meverything-else[0m and container [32mstep-promote-jx-preview[0m
Creating a preview
WARNING: No author for commit: 651835617223302befe4027db3e483e8057c060c
Created environment cb-kubecd-bdd-ghf**y-1568403394-pr-1
Namespace **-cb-kubecd-bdd-ghf**y-1568403394-pr-1 created 
expose:
  Annotations:
    helm.sh/hook: post-install,post-upgrade
    helm.sh/hook-delete-policy: hook-succeeded
  config:
    domain: 35.195.31.99.nip.io
    exposer: Ingress
    http: "true"
preview:
  image:
    repository: gcr.io/jenkins-x-bdd3/bdd-ghf**y-1568403394
    tag: 0.0.0-SNAPSHOT-PR-1-1
Deleting and cloning the Jenkins X versions repo
Cloning the Jenkins X versions repo https://github.com/jenkins-x/jenkins-x-versions.git with ref refs/heads/master to /builder/home/.**/jenkins-x-versions


Updating PipelineActivities cb-kubecd-bdd-ghf**y-1568403394-pr-1-1 which has status Running
Preview application is now available at: http://bdd-ghf**y-1568403394.**-cb-kubecd-bdd-ghf**y-1568403394-pr-1.35.195.31.99.nip.io
